内存状态如下:
系统的内存容量为: 3790.9375 MB
   系统的内存以使用容量为: 2177.05078125 MB
   系统可用的内存容量为: 1613.88671875MB
   内存的buffer容量为: 161.10546875 MB
   内存的cache容量为:1233.06640625 MB
cpu状态如下:
   user = 144468.1
   nice = 3802.49
   system = 94559.95
   idle = 20728465.58
   iowait = 12828.3
   irq = 0.0
   softirq = 3269.87
   steal = 0.0
   guest = 0.0
硬盘信息如下:
   sdiskpart(device='/dev/vda1', mountpoint='/', fstype='ext4', opts='rw,relatime,data=ordered')
   sdiskpart(device='/dev/vda1', mountpoint='/var/lib/docker/overlay', fstype='ext4', opts='rw,relatime,data=ordered')
登录用户信息如下:
    suser(name='root', terminal='tty1', host='root', started=1502786688.0, pid=1112)
   suser(name='root', terminal='pts/0', host='root', started=1513307904.0, pid=14424)
---------------------------------------------------------------
内存状态如下:
系统的内存容量为: 3790.9375 MB
   系统的内存以使用容量为: 2176.14453125 MB
   系统可用的内存容量为: 1614.79296875MB
   内存的buffer容量为: 161.10546875 MB
   内存的cache容量为:1233.078125 MB
cpu状态如下:
   user = 144468.82
   nice = 3802.49
   system = 94560.3
   idle = 20728555.95
   iowait = 12828.32
   irq = 0.0
   softirq = 3269.88
   steal = 0.0
   guest = 0.0
硬盘信息如下:
   sdiskpart(device='/dev/vda1', mountpoint='/', fstype='ext4', opts='rw,relatime,data=ordered')
   sdiskpart(device='/dev/vda1', mountpoint='/var/lib/docker/overlay', fstype='ext4', opts='rw,relatime,data=ordered')
登录用户信息如下:
    suser(name='root', terminal='tty1', host='root', started=1502786688.0, pid=1112)
   suser(name='root', terminal='pts/0', host='root', started=1513307904.0, pid=14424)
---------------------------------------------------------------
内存状态如下:
系统的内存容量为: 3790.9375 MB
   系统的内存以使用容量为: 2176.26171875 MB
   系统可用的内存容量为: 1614.67578125MB
   内存的buffer容量为: 161.10546875 MB
   内存的cache容量为:1233.08203125 MB
cpu状态如下:
   user = 144469.13
   nice = 3802.49
   system = 94560.42
   idle = 20728584.47
   iowait = 12828.32
   irq = 0.0
   softirq = 3269.88
   steal = 0.0
   guest = 0.0
硬盘信息如下:
   sdiskpart(device='/dev/vda1', mountpoint='/', fstype='ext4', opts='rw,relatime,data=ordered')
   sdiskpart(device='/dev/vda1', mountpoint='/var/lib/docker/overlay', fstype='ext4', opts='rw,relatime,data=ordered')
登录用户信息如下:
    suser(name='root', terminal='tty1', host='root', started=1502786688.0, pid=1112)
   suser(name='root', terminal='pts/0', host='root', started=1513307904.0, pid=14424)
---------------------------------------------------------------
